[   14057ms] [ERROR] Failed to load resource: the server responded with a status of 400 (Bad Request) @ http://192.168.1.41:4000/api/public/clients/guest:0
[   14060ms] [ERROR] Error obtaining guest id Error: Failed to create guest
    at createGuestUser (webpack-internal:///(app-pages-browser)/./src/hooks/chat.api.ts:16:15)
    at async useChatUserId.useEffect.fetchGuest (webpack-internal:///(app-pages-browser)/./src/hooks/use-chat-user-id.ts:38:42) @ webpack-internal:///(app-pages-browser)/./node_modules/next/dist/client/components/globals/intercept-console-error.js:49
[   14066ms] [ERROR] Failed to load resource: the server responded with a status of 400 (Bad Request) @ http://192.168.1.41:4000/api/public/products:0
[   14067ms] [ERROR] Failed to load resource: the server responded with a status of 400 (Bad Request) @ http://192.168.1.41:4000/api/public/category/with-count:0
[  167400ms] [WARNING] Attempting to mix Motion versions undefined with 12.9.1 may not work as expected. @ webpack-internal:///(app-pages-browser)/./node_modules/motion-utils/dist/es/warn-once.mjs:15
[  173124ms] [ERROR] Failed to load resource: the server responded with a status of 404 (Not Found) @ http://localhost:3000/assets/logos/kingston.png:0
[  176589ms] [WARNING] The resource http://localhost:3000/_next/static/css/app/layout.css?v=1770870275887 was preloaded using link preload but not used within a few seconds from the window's load event. Please make sure it has an appropriate `as` value and it is preloaded intentionally. @ http://localhost:3000/:0
[  181160ms] [WARNING] The resource http://localhost:3000/_next/static/css/app/layout.css?v=1770870275887 was preloaded using link preload but not used within a few seconds from the window's load event. Please make sure it has an appropriate `as` value and it is preloaded intentionally. @ http://localhost:3000/:0
[  186131ms] [WARNING] The resource http://localhost:3000/_next/static/css/app/layout.css?v=1770870275887 was preloaded using link preload but not used within a few seconds from the window's load event. Please make sure it has an appropriate `as` value and it is preloaded intentionally. @ http://localhost:3000/:0
[  191150ms] [WARNING] The resource http://localhost:3000/_next/static/css/app/layout.css?v=1770870275887 was preloaded using link preload but not used within a few seconds from the window's load event. Please make sure it has an appropriate `as` value and it is preloaded intentionally. @ http://localhost:3000/:0
[  196132ms] [WARNING] The resource http://localhost:3000/_next/static/css/app/layout.css?v=1770870275887 was preloaded using link preload but not used within a few seconds from the window's load event. Please make sure it has an appropriate `as` value and it is preloaded intentionally. @ http://localhost:3000/:0
[  201133ms] [WARNING] The resource http://localhost:3000/_next/static/css/app/layout.css?v=1770870275887 was preloaded using link preload but not used within a few seconds from the window's load event. Please make sure it has an appropriate `as` value and it is preloaded intentionally. @ http://localhost:3000/:0
[  205202ms] [WARNING] Attempting to mix Motion versions undefined with 12.9.1 may not work as expected. @ webpack-internal:///(app-pages-browser)/./node_modules/motion-utils/dist/es/warn-once.mjs:15
[  205420ms] [ERROR] Failed to load resource: the server responded with a status of 404 (Not Found) @ http://localhost:3000/assets/logos/kingston.png:0
[  208974ms] [WARNING] The resource http://localhost:3000/_next/static/css/app/layout.css?v=1770870308552 was preloaded using link preload but not used within a few seconds from the window's load event. Please make sure it has an appropriate `as` value and it is preloaded intentionally. @ http://localhost:3000/:0
[  215885ms] [WARNING] The resource http://localhost:3000/_next/static/css/app/layout.css?v=1770870308552 was preloaded using link preload but not used within a few seconds from the window's load event. Please make sure it has an appropriate `as` value and it is preloaded intentionally. @ http://localhost:3000/:0
[  218917ms] [WARNING] The resource http://localhost:3000/_next/static/css/app/layout.css?v=1770870308552 was preloaded using link preload but not used within a few seconds from the window's load event. Please make sure it has an appropriate `as` value and it is preloaded intentionally. @ http://localhost:3000/:0
[  224987ms] [WARNING] The resource http://localhost:3000/_next/static/css/app/layout.css?v=1770870308552 was preloaded using link preload but not used within a few seconds from the window's load event. Please make sure it has an appropriate `as` value and it is preloaded intentionally. @ http://localhost:3000/:0
[  228943ms] [WARNING] The resource http://localhost:3000/_next/static/css/app/layout.css?v=1770870308552 was preloaded using link preload but not used within a few seconds from the window's load event. Please make sure it has an appropriate `as` value and it is preloaded intentionally. @ http://localhost:3000/:0
[  233944ms] [WARNING] The resource http://localhost:3000/_next/static/css/app/layout.css?v=1770870308552 was preloaded using link preload but not used within a few seconds from the window's load event. Please make sure it has an appropriate `as` value and it is preloaded intentionally. @ http://localhost:3000/:0
[  238969ms] [WARNING] The resource http://localhost:3000/_next/static/css/app/layout.css?v=1770870308552 was preloaded using link preload but not used within a few seconds from the window's load event. Please make sure it has an appropriate `as` value and it is preloaded intentionally. @ http://localhost:3000/:0
[  243970ms] [WARNING] The resource http://localhost:3000/_next/static/css/app/layout.css?v=1770870308552 was preloaded using link preload but not used within a few seconds from the window's load event. Please make sure it has an appropriate `as` value and it is preloaded intentionally. @ http://localhost:3000/:0
[  248991ms] [WARNING] The resource http://localhost:3000/_next/static/css/app/layout.css?v=1770870308552 was preloaded using link preload but not used within a few seconds from the window's load event. Please make sure it has an appropriate `as` value and it is preloaded intentionally. @ http://localhost:3000/:0
[  254002ms] [WARNING] The resource http://localhost:3000/_next/static/css/app/layout.css?v=1770870308552 was preloaded using link preload but not used within a few seconds from the window's load event. Please make sure it has an appropriate `as` value and it is preloaded intentionally. @ http://localhost:3000/:0
[  259012ms] [WARNING] The resource http://localhost:3000/_next/static/css/app/layout.css?v=1770870308552 was preloaded using link preload but not used within a few seconds from the window's load event. Please make sure it has an appropriate `as` value and it is preloaded intentionally. @ http://localhost:3000/:0
[  264023ms] [WARNING] The resource http://localhost:3000/_next/static/css/app/layout.css?v=1770870308552 was preloaded using link preload but not used within a few seconds from the window's load event. Please make sure it has an appropriate `as` value and it is preloaded intentionally. @ http://localhost:3000/:0
[  269045ms] [WARNING] The resource http://localhost:3000/_next/static/css/app/layout.css?v=1770870308552 was preloaded using link preload but not used within a few seconds from the window's load event. Please make sure it has an appropriate `as` value and it is preloaded intentionally. @ http://localhost:3000/:0
[  274044ms] [WARNING] The resource http://localhost:3000/_next/static/css/app/layout.css?v=1770870308552 was preloaded using link preload but not used within a few seconds from the window's load event. Please make sure it has an appropriate `as` value and it is preloaded intentionally. @ http://localhost:3000/:0
[  279055ms] [WARNING] The resource http://localhost:3000/_next/static/css/app/layout.css?v=1770870308552 was preloaded using link preload but not used within a few seconds from the window's load event. Please make sure it has an appropriate `as` value and it is preloaded intentionally. @ http://localhost:3000/:0
[  284061ms] [WARNING] The resource http://localhost:3000/_next/static/css/app/layout.css?v=1770870308552 was preloaded using link preload but not used within a few seconds from the window's load event. Please make sure it has an appropriate `as` value and it is preloaded intentionally. @ http://localhost:3000/:0
[  289078ms] [WARNING] The resource http://localhost:3000/_next/static/css/app/layout.css?v=1770870308552 was preloaded using link preload but not used within a few seconds from the window's load event. Please make sure it has an appropriate `as` value and it is preloaded intentionally. @ http://localhost:3000/:0
[  294099ms] [WARNING] The resource http://localhost:3000/_next/static/css/app/layout.css?v=1770870308552 was preloaded using link preload but not used within a few seconds from the window's load event. Please make sure it has an appropriate `as` value and it is preloaded intentionally. @ http://localhost:3000/:0
[  299109ms] [WARNING] The resource http://localhost:3000/_next/static/css/app/layout.css?v=1770870308552 was preloaded using link preload but not used within a few seconds from the window's load event. Please make sure it has an appropriate `as` value and it is preloaded intentionally. @ http://localhost:3000/:0
[  304104ms] [WARNING] The resource http://localhost:3000/_next/static/css/app/layout.css?v=1770870308552 was preloaded using link preload but not used within a few seconds from the window's load event. Please make sure it has an appropriate `as` value and it is preloaded intentionally. @ http://localhost:3000/:0
[  309121ms] [WARNING] The resource http://localhost:3000/_next/static/css/app/layout.css?v=1770870308552 was preloaded using link preload but not used within a few seconds from the window's load event. Please make sure it has an appropriate `as` value and it is preloaded intentionally. @ http://localhost:3000/:0
[  314128ms] [WARNING] The resource http://localhost:3000/_next/static/css/app/layout.css?v=1770870308552 was preloaded using link preload but not used within a few seconds from the window's load event. Please make sure it has an appropriate `as` value and it is preloaded intentionally. @ http://localhost:3000/:0
[  319142ms] [WARNING] The resource http://localhost:3000/_next/static/css/app/layout.css?v=1770870308552 was preloaded using link preload but not used within a few seconds from the window's load event. Please make sure it has an appropriate `as` value and it is preloaded intentionally. @ http://localhost:3000/:0
[  324174ms] [WARNING] The resource http://localhost:3000/_next/static/css/app/layout.css?v=1770870308552 was preloaded using link preload but not used within a few seconds from the window's load event. Please make sure it has an appropriate `as` value and it is preloaded intentionally. @ http://localhost:3000/:0
[  329184ms] [WARNING] The resource http://localhost:3000/_next/static/css/app/layout.css?v=1770870308552 was preloaded using link preload but not used within a few seconds from the window's load event. Please make sure it has an appropriate `as` value and it is preloaded intentionally. @ http://localhost:3000/:0
[  334184ms] [WARNING] The resource http://localhost:3000/_next/static/css/app/layout.css?v=1770870308552 was preloaded using link preload but not used within a few seconds from the window's load event. Please make sure it has an appropriate `as` value and it is preloaded intentionally. @ http://localhost:3000/:0
[  339195ms] [WARNING] The resource http://localhost:3000/_next/static/css/app/layout.css?v=1770870308552 was preloaded using link preload but not used within a few seconds from the window's load event. Please make sure it has an appropriate `as` value and it is preloaded intentionally. @ http://localhost:3000/:0
[  344207ms] [WARNING] The resource http://localhost:3000/_next/static/css/app/layout.css?v=1770870308552 was preloaded using link preload but not used within a few seconds from the window's load event. Please make sure it has an appropriate `as` value and it is preloaded intentionally. @ http://localhost:3000/:0
[  349217ms] [WARNING] The resource http://localhost:3000/_next/static/css/app/layout.css?v=1770870308552 was preloaded using link preload but not used within a few seconds from the window's load event. Please make sure it has an appropriate `as` value and it is preloaded intentionally. @ http://localhost:3000/:0
[  354227ms] [WARNING] The resource http://localhost:3000/_next/static/css/app/layout.css?v=1770870308552 was preloaded using link preload but not used within a few seconds from the window's load event. Please make sure it has an appropriate `as` value and it is preloaded intentionally. @ http://localhost:3000/:0
[  359249ms] [WARNING] The resource http://localhost:3000/_next/static/css/app/layout.css?v=1770870308552 was preloaded using link preload but not used within a few seconds from the window's load event. Please make sure it has an appropriate `as` value and it is preloaded intentionally. @ http://localhost:3000/:0
[  364249ms] [WARNING] The resource http://localhost:3000/_next/static/css/app/layout.css?v=1770870308552 was preloaded using link preload but not used within a few seconds from the window's load event. Please make sure it has an appropriate `as` value and it is preloaded intentionally. @ http://localhost:3000/:0
[  369260ms] [WARNING] The resource http://localhost:3000/_next/static/css/app/layout.css?v=1770870308552 was preloaded using link preload but not used within a few seconds from the window's load event. Please make sure it has an appropriate `as` value and it is preloaded intentionally. @ http://localhost:3000/:0
[  374271ms] [WARNING] The resource http://localhost:3000/_next/static/css/app/layout.css?v=1770870308552 was preloaded using link preload but not used within a few seconds from the window's load event. Please make sure it has an appropriate `as` value and it is preloaded intentionally. @ http://localhost:3000/:0
[  379276ms] [WARNING] The resource http://localhost:3000/_next/static/css/app/layout.css?v=1770870308552 was preloaded using link preload but not used within a few seconds from the window's load event. Please make sure it has an appropriate `as` value and it is preloaded intentionally. @ http://localhost:3000/:0
[  384298ms] [WARNING] The resource http://localhost:3000/_next/static/css/app/layout.css?v=1770870308552 was preloaded using link preload but not used within a few seconds from the window's load event. Please make sure it has an appropriate `as` value and it is preloaded intentionally. @ http://localhost:3000/:0
[  389306ms] [WARNING] The resource http://localhost:3000/_next/static/css/app/layout.css?v=1770870308552 was preloaded using link preload but not used within a few seconds from the window's load event. Please make sure it has an appropriate `as` value and it is preloaded intentionally. @ http://localhost:3000/:0
[  394315ms] [WARNING] The resource http://localhost:3000/_next/static/css/app/layout.css?v=1770870308552 was preloaded using link preload but not used within a few seconds from the window's load event. Please make sure it has an appropriate `as` value and it is preloaded intentionally. @ http://localhost:3000/:0
[  399321ms] [WARNING] The resource http://localhost:3000/_next/static/css/app/layout.css?v=1770870308552 was preloaded using link preload but not used within a few seconds from the window's load event. Please make sure it has an appropriate `as` value and it is preloaded intentionally. @ http://localhost:3000/:0
